<?xml version="1.0" encoding="UTF-8"?>
<!-- Generated by org.testng.reporters.JUnitXMLReporter -->
<testsuite ignored="0" hostname="DESKTOP-AOMEI0O" failures="0" tests="9" name="Test" time="207.806" errors="0" timestamp="18 Apr 2021 21:26:03 GMT">
  <testcase classname="com.team.findinghospital.qa.testcases.URLTest" name="invalidURLTest" time="0.64"/>
  <testcase classname="com.team.findinghospital.qa.testcases.URLTest" name="validURLTest" time="3.521"/>
  <testcase classname="com.team.findinghospital.qa.testcases.LandingPageTest" name="inputBoxTest" time="13.185"/>
  <testcase classname="com.team.findinghospital.qa.testcases.SearchFiltersTest" name="hospitalList" time="74.52"/>
  <testcase classname="com.team.findinghospital.qa.testcases.DiagnosticPageTest" name="topCityTest" time="8.702"/>
  <testcase classname="com.team.findinghospital.qa.testcases.CorporateWellnessPageTest" name="scheduleDem1" time="3.473"/>
  <testcase classname="com.team.findinghospital.qa.testcases.CorporateWellnessPageTest" name="scheduleDemo2" time="7.971"/>
  <testcase classname="com.team.findinghospital.qa.testcases.CorporateWellnessPageTest" name="scheduleDemo3" time="4.437"/>
  <testcase classname="com.team.findinghospital.qa.testcases.CorporateWellnessPageTest" name="scheduleDemo4" time="7.306"/>
</testsuite> <!-- Test -->
