<?xml version="1.0" encoding="UTF-8"?>
<!-- Generated by org.testng.reporters.JUnitXMLReporter -->
<testsuite ignored="0" hostname="DESKTOP-AOMEI0O" failures="0" tests="3" name="Test" time="0.036" errors="0" timestamp="18 Apr 2021 21:16:57 GMT">
  <testcase classname="com.team.findinghospital.qa.testcases.LandingPageTest" name="inputBoxTest" time="0.016"/>
  <testcase classname="com.team.findinghospital.qa.testcases.SearchFiltersTest" name="hospitalList" time="0.002"/>
  <testcase classname="com.team.findinghospital.qa.testcases.DiagnosticPageTest" name="topCityTest" time="0.002"/>
</testsuite> <!-- Test -->
